<?xml version="1.0" encoding="UTF-8"?>
<testng-results ignored="0" total="0" passed="0" failed="0" skipped="0">
  <reporter-output>
  </reporter-output>
  <suite started-at="2021-08-02T17:02:39 EEST" name="bbc1.tests.BaseTest" finished-at="2021-08-02T17:02:39 EEST" duration-ms="642">
    <groups>
    </groups>
    <test started-at="2021-08-02T17:02:39 EEST" name="Command line test" finished-at="2021-08-02T17:02:39 EEST" duration-ms="642">
      <class name="bbc1.tests.BaseTest">
        <test-method is-config="true" signature="profileSetUp()[pri:0, instance:bbc1.tests.BaseTest@4cc451f2]" started-at="2021-08-02T17:02:39 EEST" name="profileSetUp" finished-at="2021-08-02T17:02:39 EEST" duration-ms="628" status="PASS">
          <reporter-output>
          </reporter-output>
        </test-method> <!-- profileSetUp -->
      </class> <!-- bbc1.tests.BaseTest -->
    </test> <!-- Command line test -->
  </suite> <!-- bbc1.tests.BaseTest -->
</testng-results>
